Using pre-set license
Built from '2020.3/staging' branch; Version is '2020.3.22f1 (e1a7f79fd887) revision 14788599'; Using compiler version '192528614'; Build Type 'Release'
OS: 'Windows 10 Pro; OS build 19042.1288; Version 2009; 64bit' Language: 'en' Physical Memory: 16315 MB
BatchMode: 1, IsHumanControllingUs: 0, StartBugReporterOnCrash: 0, Is64bit: 1, IsPro: 0

COMMAND LINE ARGUMENTS:
C:\Program Files\Unity\2020.3.22f1\Editor\Unity.exe
-adb2
-batchMode
-noUpm
-name
AssetImportWorker0
-projectPath
D:/WORK/UDINUS/Unity/Edukasi Gigi
-logFile
Logs/AssetImportWorker0.log
-srvPort
62810
Successfully changed project path to: D:/WORK/UDINUS/Unity/Edukasi Gigi
D:/WORK/UDINUS/Unity/Edukasi Gigi
Using Asset Import Pipeline V2.
Refreshing native plugins compatible for Editor in 58.24 ms, found 3 plugins.
Preloading 0 native plugins for Editor in 0.00 ms.
Initialize engine version: 2020.3.22f1 (e1a7f79fd887)
[Subsystems] Discovering subsystems at path C:/Program Files/Unity/2020.3.22f1/Editor/Data/Resources/UnitySubsystems
[Subsystems] Discovering subsystems at path D:/WORK/UDINUS/Unity/Edukasi Gigi/Assets
GfxDevice: creating device client; threaded=0
Direct3D:
    Version:  Direct3D 11.0 [level 11.1]
    Renderer: Radeon RX 570 Series (ID=0x67df)
    Vendor:   
    VRAM:     4075 MB
    Driver:   30.0.13023.1012
Initialize mono
Mono path[0] = 'C:/Program Files/Unity/2020.3.22f1/Editor/Data/Managed'
Mono path[1] = 'C:/Program Files/Unity/2020.3.22f1/Editor/Data/MonoBleedingEdge/lib/mono/unityjit'
Mono config path = 'C:/Program Files/Unity/2020.3.22f1/Editor/Data/MonoBleedingEdge/etc'
Using monoOptions --debugger-agent=transport=dt_socket,embedding=1,server=y,suspend=n,address=127.0.0.1:56084
Begin MonoManager ReloadAssembly
Registering precompiled unity dll's ...
Register platform support module: C:/Program Files/Unity/2020.3.22f1/Editor/Data/PlaybackEngines/WebGLSupport/UnityEditor.WebGL.Extensions.dll
Register platform support module: C:/Program Files/Unity/2020.3.22f1/Editor/Data/PlaybackEngines/WindowsStandaloneSupport/UnityEditor.WindowsStandalone.Extensions.dll
Registered in 0.003223 seconds.
Native extension for WindowsStandalone target not found
Native extension for WebGL target not found
Refreshing native plugins compatible for Editor in 54.27 ms, found 3 plugins.
Preloading 0 native plugins for Editor in 0.00 ms.
Mono: successfully reloaded assembly
- Completed reload, in  3.692 seconds
Domain Reload Profiling:
	ReloadAssembly (3693ms)
		BeginReloadAssembly (72ms)
			ExecutionOrderSort (0ms)
			DisableScriptedObjects (0ms)
			BackupInstance (0ms)
			ReleaseScriptingObjects (0ms)
			CreateAndSetChildDomain (1ms)
		EndReloadAssembly (615ms)
			LoadAssemblies (68ms)
			RebuildTransferFunctionScriptingTraits (0ms)
			SetupTypeCache (224ms)
			ReleaseScriptCaches (0ms)
			RebuildScriptCaches (34ms)
			SetupLoadedEditorAssemblies (229ms)
				LogAssemblyErrors (0ms)
				InitializePlatformSupportModulesInManaged (7ms)
				SetLoadedEditorAssemblies (1ms)
				RefreshPlugins (54ms)
				BeforeProcessingInitializeOnLoad (18ms)
				ProcessInitializeOnLoadAttributes (108ms)
				ProcessInitializeOnLoadMethodAttributes (40ms)
				AfterProcessingInitializeOnLoad (0ms)
				EditorAssembliesLoaded (0ms)
			ExecutionOrderSort2 (0ms)
			AwakeInstancesAfterBackupRestoration (0ms)
Platform modules already initialized, skipping
Registering precompiled user dll's ...
Registered in 0.006928 seconds.
Begin MonoManager ReloadAssembly
Native extension for WindowsStandalone target not found
Native extension for WebGL target not found
Refreshing native plugins compatible for Editor in 55.30 ms, found 3 plugins.
Preloading 0 native plugins for Editor in 0.00 ms.
Mono: successfully reloaded assembly
- Completed reload, in  2.087 seconds
Domain Reload Profiling:
	ReloadAssembly (2089ms)
		BeginReloadAssembly (202ms)
			ExecutionOrderSort (0ms)
			DisableScriptedObjects (5ms)
			BackupInstance (0ms)
			ReleaseScriptingObjects (0ms)
			CreateAndSetChildDomain (20ms)
		EndReloadAssembly (1801ms)
			LoadAssemblies (122ms)
			RebuildTransferFunctionScriptingTraits (0ms)
			SetupTypeCache (389ms)
			ReleaseScriptCaches (1ms)
			RebuildScriptCaches (58ms)
			SetupLoadedEditorAssemblies (1082ms)
				LogAssemblyErrors (0ms)
				InitializePlatformSupportModulesInManaged (7ms)
				SetLoadedEditorAssemblies (0ms)
				RefreshPlugins (55ms)
				BeforeProcessingInitializeOnLoad (101ms)
				ProcessInitializeOnLoadAttributes (886ms)
				ProcessInitializeOnLoadMethodAttributes (24ms)
				AfterProcessingInitializeOnLoad (9ms)
				EditorAssembliesLoaded (0ms)
			ExecutionOrderSort2 (0ms)
			AwakeInstancesAfterBackupRestoration (10ms)
Platform modules already initialized, skipping
========================================================================
Worker process is ready to serve import requests
Launched and connected shader compiler UnityShaderCompiler.exe after 0.16 seconds
Refreshing native plugins compatible for Editor in 0.55 ms, found 3 plugins.
Preloading 0 native plugins for Editor in 0.00 ms.
Unloading 2183 Unused Serialized files (Serialized files now loaded: 0)
System memory in use before: 95.4 MB.
System memory in use after: 95.5 MB.

Unloading 28 unused Assets to reduce memory usage. Loaded Objects now: 2615.
Total: 3.638100 ms (FindLiveObjects: 0.241900 ms CreateObjectMapping: 0.052900 ms MarkObjects: 3.255000 ms  DeleteObjects: 0.086900 ms)

AssetImportParameters requested are different than current active one (requested -> active):
  custom:framework-win-MediaFoundation: 216162199b28c13a410421893ffa2e32 -> 
  custom:video-decoder-ogg-theora: a1e56fd34408186e4bbccfd4996cb3dc -> 
  custom:container-muxer-webm: aa71ff27fc2769a1b78a27578f13a17b -> 
  custom:container-demuxer-webm: 4f35f7cbe854078d1ac9338744f61a02 -> 
  custom:container-demuxer-ogg: 62fdf1f143b41e24485cea50d1cbac27 -> 
  custom:video-encoder-webm-vp8: eb34c28f22e8b96e1ab97ce403110664 -> 
  custom:video-decoder-webm-vp8: 9c59270c3fd7afecdb556c50c9e8de78 -> 
  custom:audio-decoder-ogg-vorbis: bf7c407c2cedff20999df2af8eb42d56 -> 
  custom:audio-encoder-webm-vorbis: bf7c407c2cedff20999df2af8eb42d56 -> 
========================================================================
Received Import Request.
  path: Assets/Scenes/Main.unity
  artifactKey: Guid(2cda990e2423bbf4892e6590ba056729) Importer(815301076,1909f56bfc062723c751e8b465ee728b)
Start importing Assets/Scenes/Main.unity using Guid(2cda990e2423bbf4892e6590ba056729) Importer(815301076,1909f56bfc062723c751e8b465ee728b)  -> (artifact id: '2063302bb151951eba0362b8067fa1a0') in 0.040382 seconds 
  Import took 0.045605 seconds .

========================================================================
Received Import Request.
  Time since last request: 0.258405 seconds.
  path: Assets
  artifactKey: Guid(00000000000000001000000000000000) Importer(815301076,1909f56bfc062723c751e8b465ee728b)
Start importing Assets using Guid(00000000000000001000000000000000) Importer(815301076,1909f56bfc062723c751e8b465ee728b)  -> (artifact id: '42d402b061de3733987d63b9cc3b64de') in 0.042844 seconds 
  Import took 0.164026 seconds .

========================================================================
Received Import Request.
  Time since last request: 7.383345 seconds.
  path: Assets/Image
  artifactKey: Guid(f1a2089cb4208c341a2efa08ef1ac855) Importer(815301076,1909f56bfc062723c751e8b465ee728b)
Start importing Assets/Image using Guid(f1a2089cb4208c341a2efa08ef1ac855) Importer(815301076,1909f56bfc062723c751e8b465ee728b)  -> (artifact id: 'fdbbdb3708e451151a3183bf5c9ed86f') in 0.014364 seconds 
  Import took 0.019482 seconds .

========================================================================
Received Import Request.
  Time since last request: 25.928978 seconds.
  path: Assets/Image/Video BG
  artifactKey: Guid(cb9860b8d2b7821449edea9eb9d9f697) Importer(815301076,1909f56bfc062723c751e8b465ee728b)
Start importing Assets/Image/Video BG using Guid(cb9860b8d2b7821449edea9eb9d9f697) Importer(815301076,1909f56bfc062723c751e8b465ee728b)  -> (artifact id: '8de76fce830d612ddb22d92f0f5cf346') in 0.013841 seconds 
  Import took 0.045686 seconds .

========================================================================
Received Import Request.
  Time since last request: 4.658260 seconds.
  path: Assets/Image/Background
  artifactKey: Guid(cb9860b8d2b7821449edea9eb9d9f697) Importer(815301076,1909f56bfc062723c751e8b465ee728b)
Start importing Assets/Image/Background using Guid(cb9860b8d2b7821449edea9eb9d9f697) Importer(815301076,1909f56bfc062723c751e8b465ee728b)  -> (artifact id: '3418b068b3026c65228d54fd9893e575') in 0.015637 seconds 
  Import took 0.019763 seconds .

========================================================================
Received Import Request.
  Time since last request: 1.098516 seconds.
  path: Assets/Image/Background/1_20220129_174627_0000.png
  artifactKey: Guid(70abb341d9478564da61bd906e96725e) Importer(815301076,1909f56bfc062723c751e8b465ee728b)
Start importing Assets/Image/Background/1_20220129_174627_0000.png using Guid(70abb341d9478564da61bd906e96725e) Importer(815301076,1909f56bfc062723c751e8b465ee728b)  -> (artifact id: '62645b94ca212120b072546ec054b05d') in 0.987373 seconds 
  Import took 1.015840 seconds .

========================================================================
Received Import Request.
  Time since last request: 0.000252 seconds.
  path: Assets/Image/Background/5_20220129_174627_0004.png
  artifactKey: Guid(8a3311b61252e2d42be94d9102ed8ec7) Importer(815301076,1909f56bfc062723c751e8b465ee728b)
Start importing Assets/Image/Background/5_20220129_174627_0004.png using Guid(8a3311b61252e2d42be94d9102ed8ec7) Importer(815301076,1909f56bfc062723c751e8b465ee728b)  -> (artifact id: '1a81ea813d5ed4bd42cc7e305baab672') in 0.036601 seconds 
  Import took 0.040941 seconds .

========================================================================
Received Import Request.
  Time since last request: 0.000220 seconds.
  path: Assets/Image/Background/6_20220129_174627_0005.png
  artifactKey: Guid(fe514d85cc707aa418a79666f9714a16) Importer(815301076,1909f56bfc062723c751e8b465ee728b)
Start importing Assets/Image/Background/6_20220129_174627_0005.png using Guid(fe514d85cc707aa418a79666f9714a16) Importer(815301076,1909f56bfc062723c751e8b465ee728b)  -> (artifact id: 'e07f916178602ccc10ab35ef7d097e3c') in 0.066149 seconds 
  Import took 0.070415 seconds .

========================================================================
Received Import Request.
  Time since last request: 0.000237 seconds.
  path: Assets/Image/Background/11_20220129_174628_0010.png
  artifactKey: Guid(86666c2afb6232c4aad4d25d07cc00bf) Importer(815301076,1909f56bfc062723c751e8b465ee728b)
Start importing Assets/Image/Background/11_20220129_174628_0010.png using Guid(86666c2afb6232c4aad4d25d07cc00bf) Importer(815301076,1909f56bfc062723c751e8b465ee728b)  -> (artifact id: '6ff940c603f0ad87d00af5f9cc4e318b') in 0.035506 seconds 
  Import took 0.066776 seconds .

========================================================================
Received Import Request.
  Time since last request: 0.000256 seconds.
  path: Assets/Image/Background/3_20220129_174627_0002.png
  artifactKey: Guid(a0ecfeb49ff5ab942bcd52b78463b405) Importer(815301076,1909f56bfc062723c751e8b465ee728b)
Start importing Assets/Image/Background/3_20220129_174627_0002.png using Guid(a0ecfeb49ff5ab942bcd52b78463b405) Importer(815301076,1909f56bfc062723c751e8b465ee728b)  -> (artifact id: '1ba2c1407ff94305b9b3870d308bfcb1') in 0.043216 seconds 
  Import took 0.049951 seconds .

========================================================================
Received Import Request.
  Time since last request: 0.000295 seconds.
  path: Assets/Image/Background/10_20220129_174628_0009.png
  artifactKey: Guid(7c8655359defe894995636acef659849) Importer(815301076,1909f56bfc062723c751e8b465ee728b)
Start importing Assets/Image/Background/10_20220129_174628_0009.png using Guid(7c8655359defe894995636acef659849) Importer(815301076,1909f56bfc062723c751e8b465ee728b)  -> (artifact id: '0b0ce53a9cac62779535a8b67d51f3bf') in 0.045350 seconds 
  Import took 0.050451 seconds .

========================================================================
Received Import Request.
  Time since last request: 0.000729 seconds.
  path: Assets/Image/Background/4_20220129_174627_0003.png
  artifactKey: Guid(d7efe929f7024f14493f815ab7391f82) Importer(815301076,1909f56bfc062723c751e8b465ee728b)
Start importing Assets/Image/Background/4_20220129_174627_0003.png using Guid(d7efe929f7024f14493f815ab7391f82) Importer(815301076,1909f56bfc062723c751e8b465ee728b)  -> (artifact id: '96c716001b03dfac6af1391ae2d6de1e') in 0.041142 seconds 
  Import took 0.046187 seconds .

========================================================================
Received Import Request.
  Time since last request: 0.000225 seconds.
  path: Assets/Image/Background/2_20220129_174627_0001.png
  artifactKey: Guid(4e94323ae3f2af14b9e33309de97b1af) Importer(815301076,1909f56bfc062723c751e8b465ee728b)
Start importing Assets/Image/Background/2_20220129_174627_0001.png using Guid(4e94323ae3f2af14b9e33309de97b1af) Importer(815301076,1909f56bfc062723c751e8b465ee728b)  -> (artifact id: 'd4607076286921742d7330909891c46a') in 0.060130 seconds 
  Import took 0.064482 seconds .

========================================================================
Received Import Request.
  Time since last request: 269.017244 seconds.
  path: Assets/Addons
  artifactKey: Guid(1c10c1b8883381d43a14c443b7d43952) Importer(815301076,1909f56bfc062723c751e8b465ee728b)
Start importing Assets/Addons using Guid(1c10c1b8883381d43a14c443b7d43952) Importer(815301076,1909f56bfc062723c751e8b465ee728b)  -> (artifact id: 'b80a6bd3b59e80082424e3ccc1ff439d') in 0.009884 seconds 
  Import took 0.020793 seconds .

========================================================================
Received Import Request.
  Time since last request: 73.822443 seconds.
  path: Assets/Image/Button
  artifactKey: Guid(aebc89cd0fdbf30459c91ae57bde9d0c) Importer(815301076,1909f56bfc062723c751e8b465ee728b)
Start importing Assets/Image/Button using Guid(aebc89cd0fdbf30459c91ae57bde9d0c) Importer(815301076,1909f56bfc062723c751e8b465ee728b)  -> (artifact id: 'bd63ad1a5f596795d755a476ca6f5dc9') in 0.028382 seconds 
  Import took 0.064114 seconds .

========================================================================
Received Import Request.
  Time since last request: 0.000213 seconds.
  path: Assets/Image/Button/Level.png
  artifactKey: Guid(70d29f88c61fb9f4c92c21b90ce2a3b3) Importer(815301076,1909f56bfc062723c751e8b465ee728b)
Start importing Assets/Image/Button/Level.png using Guid(70d29f88c61fb9f4c92c21b90ce2a3b3) Importer(815301076,1909f56bfc062723c751e8b465ee728b)  -> (artifact id: '12a5b7de0356528f08c0ea7a89ee0b85') in 0.113182 seconds 
  Import took 0.121742 seconds .

========================================================================
Received Import Request.
  Time since last request: 0.000318 seconds.
  path: Assets/Image/Button/Button.png
  artifactKey: Guid(087da653ff521cf4fb5dff4252350e5e) Importer(815301076,1909f56bfc062723c751e8b465ee728b)
Start importing Assets/Image/Button/Button.png using Guid(087da653ff521cf4fb5dff4252350e5e) Importer(815301076,1909f56bfc062723c751e8b465ee728b)  -> (artifact id: '35c01be47ded8666d52e27703206d794') in 0.095187 seconds 
  Import took 0.099982 seconds .

========================================================================
Received Import Request.
  Time since last request: 6.704989 seconds.
  path: Assets/Fonts/LaoutBeautyPersonalUse-X3MjG SDF.asset
  artifactKey: Guid(3bdd028f75886ea43b38e62e5aac7519) Importer(815301076,1909f56bfc062723c751e8b465ee728b)
Start importing Assets/Fonts/LaoutBeautyPersonalUse-X3MjG SDF.asset using Guid(3bdd028f75886ea43b38e62e5aac7519) Importer(815301076,1909f56bfc062723c751e8b465ee728b) Shader 'TextMeshPro/Distance Field': fallback shader 'TextMeshPro/Mobile/Distance Field' not found
 -> (artifact id: '0c119cbe14caddf50c721e52a46c1070') in 0.175281 seconds 
  Import took 0.180033 seconds .

========================================================================
Received Import Request.
  Time since last request: 0.000271 seconds.
  path: Assets/Addons/TextMesh Pro/Resources/Fonts & Materials/LiberationSans SDF - Fallback.asset
  artifactKey: Guid(2e498d1c8094910479dc3e1b768306a4) Importer(815301076,1909f56bfc062723c751e8b465ee728b)
Start importing Assets/Addons/TextMesh Pro/Resources/Fonts & Materials/LiberationSans SDF - Fallback.asset using Guid(2e498d1c8094910479dc3e1b768306a4) Importer(815301076,1909f56bfc062723c751e8b465ee728b)  -> (artifact id: 'b8c2210586957436df79bf961aeff06e') in 0.093888 seconds 
  Import took 0.124761 seconds .

========================================================================
Received Import Request.
  Time since last request: 0.000240 seconds.
  path: Assets/Addons/TextMesh Pro/Resources/Fonts & Materials/LiberationSans SDF.asset
  artifactKey: Guid(8f586378b4e144a9851e7b34d9b748ee) Importer(815301076,1909f56bfc062723c751e8b465ee728b)
Start importing Assets/Addons/TextMesh Pro/Resources/Fonts & Materials/LiberationSans SDF.asset using Guid(8f586378b4e144a9851e7b34d9b748ee) Importer(815301076,1909f56bfc062723c751e8b465ee728b)  -> (artifact id: 'f1280cc7be10b532b2897fc8654f95d3') in 0.089036 seconds 
  Import took 0.093062 seconds .

========================================================================
Received Import Request.
  Time since last request: 0.000218 seconds.
  path: Assets/Fonts/zorque SDF.asset
  artifactKey: Guid(65a8e29317bef0e429c9ab56a67b24f3) Importer(815301076,1909f56bfc062723c751e8b465ee728b)
Start importing Assets/Fonts/zorque SDF.asset using Guid(65a8e29317bef0e429c9ab56a67b24f3) Importer(815301076,1909f56bfc062723c751e8b465ee728b) Shader 'TextMeshPro/Distance Field': fallback shader 'TextMeshPro/Mobile/Distance Field' not found
 -> (artifact id: 'fbaad21aa7b616bd9330514c6295e52e') in 0.059286 seconds 
  Import took 0.064312 seconds .

AssetImportWorkerClient::OnTransportError - code=2 error=End of file
