Using pre-set license
Built from '2020.3/staging' branch; Version is '2020.3.22f1 (e1a7f79fd887) revision 14788599'; Using compiler version '192528614'; Build Type 'Release'
OS: 'Windows 10 Home Single Language; OS build 19042.1466; Version 2009; 64bit' Language: 'en' Physical Memory: 6074 MB
BatchMode: 1, IsHumanControllingUs: 0, StartBugReporterOnCrash: 0, Is64bit: 1, IsPro: 0

COMMAND LINE ARGUMENTS:
C:\Program Files\Unity\Hub\Editor\2020.3.22f1\Editor\Unity.exe
-adb2
-batchMode
-noUpm
-name
AssetImportWorker0
-projectPath
E:/ProjectGAME/Edukasi-Gigi
-logFile
Logs/AssetImportWorker0.log
-srvPort
65060
Successfully changed project path to: E:/ProjectGAME/Edukasi-Gigi
E:/ProjectGAME/Edukasi-Gigi
Using Asset Import Pipeline V2.
Refreshing native plugins compatible for Editor in 65.41 ms, found 3 plugins.
Preloading 0 native plugins for Editor in 0.00 ms.
Initialize engine version: 2020.3.22f1 (e1a7f79fd887)
[Subsystems] Discovering subsystems at path C:/Program Files/Unity/Hub/Editor/2020.3.22f1/Editor/Data/Resources/UnitySubsystems
[Subsystems] Discovering subsystems at path E:/ProjectGAME/Edukasi-Gigi/Assets
GfxDevice: creating device client; threaded=0
Direct3D:
    Version:  Direct3D 11.0 [level 11.1]
    Renderer: AMD Radeon(TM) Vega 8 Graphics (ID=0x15d8)
    Vendor:   
    VRAM:     3037 MB
    Driver:   27.20.1026.1
Initialize mono
Mono path[0] = 'C:/Program Files/Unity/Hub/Editor/2020.3.22f1/Editor/Data/Managed'
Mono path[1] = 'C:/Program Files/Unity/Hub/Editor/2020.3.22f1/Editor/Data/MonoBleedingEdge/lib/mono/unityjit'
Mono config path = 'C:/Program Files/Unity/Hub/Editor/2020.3.22f1/Editor/Data/MonoBleedingEdge/etc'
Using monoOptions --debugger-agent=transport=dt_socket,embedding=1,server=y,suspend=n,address=127.0.0.1:56228
Begin MonoManager ReloadAssembly
Registering precompiled unity dll's ...
Register platform support module: C:/Program Files/Unity/Hub/Editor/2020.3.22f1/Editor/Data/PlaybackEngines/WebGLSupport/UnityEditor.WebGL.Extensions.dll
Register platform support module: C:/Program Files/Unity/Hub/Editor/2020.3.22f1/Editor/Data/PlaybackEngines/WindowsStandaloneSupport/UnityEditor.WindowsStandalone.Extensions.dll
Registered in 0.006889 seconds.
Native extension for WindowsStandalone target not found
Native extension for WebGL target not found
Refreshing native plugins compatible for Editor in 64.91 ms, found 3 plugins.
Preloading 0 native plugins for Editor in 0.00 ms.
Mono: successfully reloaded assembly
- Completed reload, in  5.986 seconds
Domain Reload Profiling:
	ReloadAssembly (5986ms)
		BeginReloadAssembly (98ms)
			ExecutionOrderSort (0ms)
			DisableScriptedObjects (0ms)
			BackupInstance (0ms)
			ReleaseScriptingObjects (0ms)
			CreateAndSetChildDomain (2ms)
		EndReloadAssembly (706ms)
			LoadAssemblies (94ms)
			RebuildTransferFunctionScriptingTraits (1ms)
			SetupTypeCache (231ms)
			ReleaseScriptCaches (0ms)
			RebuildScriptCaches (36ms)
			SetupLoadedEditorAssemblies (279ms)
				LogAssemblyErrors (0ms)
				InitializePlatformSupportModulesInManaged (10ms)
				SetLoadedEditorAssemblies (1ms)
				RefreshPlugins (65ms)
				BeforeProcessingInitializeOnLoad (22ms)
				ProcessInitializeOnLoadAttributes (133ms)
				ProcessInitializeOnLoadMethodAttributes (49ms)
				AfterProcessingInitializeOnLoad (0ms)
				EditorAssembliesLoaded (0ms)
			ExecutionOrderSort2 (0ms)
			AwakeInstancesAfterBackupRestoration (0ms)
Platform modules already initialized, skipping
Registering precompiled user dll's ...
Registered in 0.020003 seconds.
Begin MonoManager ReloadAssembly
Native extension for WindowsStandalone target not found
Native extension for WebGL target not found
Refreshing native plugins compatible for Editor in 70.20 ms, found 3 plugins.
Preloading 0 native plugins for Editor in 0.00 ms.
Mono: successfully reloaded assembly
- Completed reload, in  1.805 seconds
Domain Reload Profiling:
	ReloadAssembly (1808ms)
		BeginReloadAssembly (223ms)
			ExecutionOrderSort (0ms)
			DisableScriptedObjects (7ms)
			BackupInstance (0ms)
			ReleaseScriptingObjects (0ms)
			CreateAndSetChildDomain (34ms)
		EndReloadAssembly (1501ms)
			LoadAssemblies (241ms)
			RebuildTransferFunctionScriptingTraits (0ms)
			SetupTypeCache (448ms)
			ReleaseScriptCaches (1ms)
			RebuildScriptCaches (69ms)
			SetupLoadedEditorAssemblies (567ms)
				LogAssemblyErrors (0ms)
				InitializePlatformSupportModulesInManaged (10ms)
				SetLoadedEditorAssemblies (0ms)
				RefreshPlugins (70ms)
				BeforeProcessingInitializeOnLoad (124ms)
				ProcessInitializeOnLoadAttributes (327ms)
				ProcessInitializeOnLoadMethodAttributes (25ms)
				AfterProcessingInitializeOnLoad (10ms)
				EditorAssembliesLoaded (0ms)
			ExecutionOrderSort2 (0ms)
			AwakeInstancesAfterBackupRestoration (13ms)
Platform modules already initialized, skipping
========================================================================
Worker process is ready to serve import requests
Launched and connected shader compiler UnityShaderCompiler.exe after 0.11 seconds
Refreshing native plugins compatible for Editor in 0.67 ms, found 3 plugins.
Preloading 0 native plugins for Editor in 0.00 ms.
Unloading 2196 Unused Serialized files (Serialized files now loaded: 0)
System memory in use before: 97.6 MB.
System memory in use after: 97.7 MB.

Unloading 28 unused Assets to reduce memory usage. Loaded Objects now: 2629.
Total: 5.803400 ms (FindLiveObjects: 0.318100 ms CreateObjectMapping: 0.092300 ms MarkObjects: 5.282300 ms  DeleteObjects: 0.108800 ms)

AssetImportParameters requested are different than current active one (requested -> active):
  custom:framework-win-MediaFoundation: 216162199b28c13a410421893ffa2e32 -> 
  custom:video-decoder-ogg-theora: a1e56fd34408186e4bbccfd4996cb3dc -> 
  custom:container-muxer-webm: aa71ff27fc2769a1b78a27578f13a17b -> 
  custom:container-demuxer-webm: 4f35f7cbe854078d1ac9338744f61a02 -> 
  custom:container-demuxer-ogg: 62fdf1f143b41e24485cea50d1cbac27 -> 
  custom:video-encoder-webm-vp8: eb34c28f22e8b96e1ab97ce403110664 -> 
  custom:video-decoder-webm-vp8: 9c59270c3fd7afecdb556c50c9e8de78 -> 
  custom:audio-decoder-ogg-vorbis: bf7c407c2cedff20999df2af8eb42d56 -> 
  custom:audio-encoder-webm-vorbis: bf7c407c2cedff20999df2af8eb42d56 -> 
========================================================================
Received Import Request.
  path: Assets/Image/Background/5_20220129_174627_0004.png
  artifactKey: Guid(8a3311b61252e2d42be94d9102ed8ec7) Importer(815301076,1909f56bfc062723c751e8b465ee728b)
Start importing Assets/Image/Background/5_20220129_174627_0004.png using Guid(8a3311b61252e2d42be94d9102ed8ec7) Importer(815301076,1909f56bfc062723c751e8b465ee728b)  -> (artifact id: '9fceeba743496567dddb8c649f851c43') in 0.285843 seconds 
  Import took 0.290844 seconds .

========================================================================
Received Import Request.
  Time since last request: 0.000509 seconds.
  path: Assets/Image/Background/6_20220129_174627_0005.png
  artifactKey: Guid(fe514d85cc707aa418a79666f9714a16) Importer(815301076,1909f56bfc062723c751e8b465ee728b)
Start importing Assets/Image/Background/6_20220129_174627_0005.png using Guid(fe514d85cc707aa418a79666f9714a16) Importer(815301076,1909f56bfc062723c751e8b465ee728b)  -> (artifact id: 'e4c33f657d06e295cafc16846e11ab42') in 0.055459 seconds 
  Import took 0.060784 seconds .

========================================================================
Received Import Request.
  Time since last request: 0.000269 seconds.
  path: Assets/Image
  artifactKey: Guid(f1a2089cb4208c341a2efa08ef1ac855) Importer(815301076,1909f56bfc062723c751e8b465ee728b)
Start importing Assets/Image using Guid(f1a2089cb4208c341a2efa08ef1ac855) Importer(815301076,1909f56bfc062723c751e8b465ee728b)  -> (artifact id: '7bcab27e37e78071fc4fc48c2f3a32d1') in 0.011226 seconds 
  Import took 0.015808 seconds .

========================================================================
Received Import Request.
  Time since last request: 0.000509 seconds.
  path: Assets/Image/Background/11_20220129_174628_0010.png
  artifactKey: Guid(86666c2afb6232c4aad4d25d07cc00bf) Importer(815301076,1909f56bfc062723c751e8b465ee728b)
Start importing Assets/Image/Background/11_20220129_174628_0010.png using Guid(86666c2afb6232c4aad4d25d07cc00bf) Importer(815301076,1909f56bfc062723c751e8b465ee728b)  -> (artifact id: '9eaa1616f304eef4536d18e1e2bd95bd') in 0.049557 seconds 
  Import took 0.055010 seconds .

========================================================================
Received Import Request.
  Time since last request: 0.000268 seconds.
  path: Assets/Image/Background/3_20220129_174627_0002.png
  artifactKey: Guid(a0ecfeb49ff5ab942bcd52b78463b405) Importer(815301076,1909f56bfc062723c751e8b465ee728b)
Start importing Assets/Image/Background/3_20220129_174627_0002.png using Guid(a0ecfeb49ff5ab942bcd52b78463b405) Importer(815301076,1909f56bfc062723c751e8b465ee728b)  -> (artifact id: 'f9953c9d8c2aa6781956508bdf1bbaa0') in 0.041036 seconds 
  Import took 0.046877 seconds .

========================================================================
Received Import Request.
  Time since last request: 0.000264 seconds.
  path: Assets/Image/Background/10_20220129_174628_0009.png
  artifactKey: Guid(7c8655359defe894995636acef659849) Importer(815301076,1909f56bfc062723c751e8b465ee728b)
Start importing Assets/Image/Background/10_20220129_174628_0009.png using Guid(7c8655359defe894995636acef659849) Importer(815301076,1909f56bfc062723c751e8b465ee728b)  -> (artifact id: '20c2bd32d24f92a9f899255cfa6678b5') in 0.048504 seconds 
  Import took 0.053197 seconds .

========================================================================
Received Import Request.
  Time since last request: 0.000274 seconds.
  path: Assets/Image/Background/4_20220129_174627_0003.png
  artifactKey: Guid(d7efe929f7024f14493f815ab7391f82) Importer(815301076,1909f56bfc062723c751e8b465ee728b)
Start importing Assets/Image/Background/4_20220129_174627_0003.png using Guid(d7efe929f7024f14493f815ab7391f82) Importer(815301076,1909f56bfc062723c751e8b465ee728b)  -> (artifact id: 'af8dc964439ffb82da4c1d6c05744cc5') in 0.048039 seconds 
  Import took 0.053425 seconds .

========================================================================
Received Import Request.
  Time since last request: 0.000315 seconds.
  path: Assets/Image/Background/2_20220129_174627_0001.png
  artifactKey: Guid(4e94323ae3f2af14b9e33309de97b1af) Importer(815301076,1909f56bfc062723c751e8b465ee728b)
Start importing Assets/Image/Background/2_20220129_174627_0001.png using Guid(4e94323ae3f2af14b9e33309de97b1af) Importer(815301076,1909f56bfc062723c751e8b465ee728b)  -> (artifact id: '6102e51ce07f116b6f98667c7397f8bf') in 0.050950 seconds 
  Import took 0.056698 seconds .

========================================================================
Received Import Request.
  Time since last request: 0.000334 seconds.
  path: Assets/Image/Background/1_20220129_174627_0000.png
  artifactKey: Guid(70abb341d9478564da61bd906e96725e) Importer(815301076,1909f56bfc062723c751e8b465ee728b)
Start importing Assets/Image/Background/1_20220129_174627_0000.png using Guid(70abb341d9478564da61bd906e96725e) Importer(815301076,1909f56bfc062723c751e8b465ee728b)  -> (artifact id: '10f2a1c012c14d532f2979bb1fbaa949') in 0.050619 seconds 
  Import took 0.060748 seconds .

========================================================================
Received Import Request.
  Time since last request: 0.000325 seconds.
  path: Assets/Image/Background
  artifactKey: Guid(cb9860b8d2b7821449edea9eb9d9f697) Importer(815301076,1909f56bfc062723c751e8b465ee728b)
Start importing Assets/Image/Background using Guid(cb9860b8d2b7821449edea9eb9d9f697) Importer(815301076,1909f56bfc062723c751e8b465ee728b)  -> (artifact id: 'be6f58245e3f494caf7f88092695cd55') in 0.011997 seconds 
  Import took 0.024486 seconds .

========================================================================
Received Import Request.
  Time since last request: 22.137805 seconds.
  path: Assets/Image/Button
  artifactKey: Guid(aebc89cd0fdbf30459c91ae57bde9d0c) Importer(815301076,1909f56bfc062723c751e8b465ee728b)
Start importing Assets/Image/Button using Guid(aebc89cd0fdbf30459c91ae57bde9d0c) Importer(815301076,1909f56bfc062723c751e8b465ee728b)  -> (artifact id: '38927bd98fcf1350d2767df2a93fb53a') in 0.010710 seconds 
  Import took 0.015086 seconds .

========================================================================
Received Import Request.
  Time since last request: 0.029786 seconds.
  path: Assets/Image/Button/Button.png
  artifactKey: Guid(087da653ff521cf4fb5dff4252350e5e) Importer(815301076,1909f56bfc062723c751e8b465ee728b)
Start importing Assets/Image/Button/Button.png using Guid(087da653ff521cf4fb5dff4252350e5e) Importer(815301076,1909f56bfc062723c751e8b465ee728b)  -> (artifact id: 'cce602fdbf46128127be53ac7902aa43') in 0.106905 seconds 
  Import took 0.114303 seconds .

========================================================================
Received Import Request.
  Time since last request: 0.000353 seconds.
  path: Assets/Image/Button/Level.png
  artifactKey: Guid(70d29f88c61fb9f4c92c21b90ce2a3b3) Importer(815301076,1909f56bfc062723c751e8b465ee728b)
Start importing Assets/Image/Button/Level.png using Guid(70d29f88c61fb9f4c92c21b90ce2a3b3) Importer(815301076,1909f56bfc062723c751e8b465ee728b)  -> (artifact id: 'a2ecc4e2315fae35e6d2e880a7a04e7f') in 0.094061 seconds 
  Import took 0.101440 seconds .

========================================================================
Received Import Request.
  Time since last request: 10.781066 seconds.
  path: Assets/Addons
  artifactKey: Guid(1c10c1b8883381d43a14c443b7d43952) Importer(815301076,1909f56bfc062723c751e8b465ee728b)
Start importing Assets/Addons using Guid(1c10c1b8883381d43a14c443b7d43952) Importer(815301076,1909f56bfc062723c751e8b465ee728b)  -> (artifact id: '5e9ea4fb2db18d040da8e30fcff9955d') in 0.009374 seconds 
  Import took 0.014273 seconds .

========================================================================
Received Import Request.
  Time since last request: 0.775500 seconds.
  path: Assets/Addons/TextMesh Pro
  artifactKey: Guid(f54d1bd14bd3ca042bd867b519fee8cc) Importer(815301076,1909f56bfc062723c751e8b465ee728b)
Start importing Assets/Addons/TextMesh Pro using Guid(f54d1bd14bd3ca042bd867b519fee8cc) Importer(815301076,1909f56bfc062723c751e8b465ee728b)  -> (artifact id: '6170b652e791f28e2dae01803c8e71bf') in 0.009867 seconds 
  Import took 0.014401 seconds .

========================================================================
Received Import Request.
  Time since last request: 1.679078 seconds.
  path: Assets/Addons/TextMesh Pro/Sprites
  artifactKey: Guid(d0603b6d5186471b96c778c3949c7ce2) Importer(815301076,1909f56bfc062723c751e8b465ee728b)
Start importing Assets/Addons/TextMesh Pro/Sprites using Guid(d0603b6d5186471b96c778c3949c7ce2) Importer(815301076,1909f56bfc062723c751e8b465ee728b)  -> (artifact id: '96cee1b573425f8b706180e9a6dbf5c9') in 0.009305 seconds 
  Import took 0.015203 seconds .

========================================================================
Received Import Request.
  Time since last request: 0.051549 seconds.
  path: Assets/Addons/TextMesh Pro/Sprites/EmojiOne.png
  artifactKey: Guid(dffef66376be4fa480fb02b19edbe903) Importer(815301076,1909f56bfc062723c751e8b465ee728b)
Start importing Assets/Addons/TextMesh Pro/Sprites/EmojiOne.png using Guid(dffef66376be4fa480fb02b19edbe903) Importer(815301076,1909f56bfc062723c751e8b465ee728b)  -> (artifact id: '53ea22b10f70aa5ff4cb2d980d3f550a') in 0.026926 seconds 
  Import took 0.031729 seconds .

========================================================================
Received Import Request.
  Time since last request: 3.265924 seconds.
  path: Assets/Fonts
  artifactKey: Guid(5b6f7fc08e77550448b9b8d124d7858f) Importer(815301076,1909f56bfc062723c751e8b465ee728b)
Start importing Assets/Fonts using Guid(5b6f7fc08e77550448b9b8d124d7858f) Importer(815301076,1909f56bfc062723c751e8b465ee728b)  -> (artifact id: 'caeff300ca5fae82df68dba9118a5b5c') in 0.011593 seconds 
  Import took 0.017126 seconds .

========================================================================
Received Import Request.
  Time since last request: 0.032840 seconds.
  path: Assets/Fonts/LaoutBeautyPersonalUse-X3MjG SDF.asset
  artifactKey: Guid(3bdd028f75886ea43b38e62e5aac7519) Importer(815301076,1909f56bfc062723c751e8b465ee728b)
Start importing Assets/Fonts/LaoutBeautyPersonalUse-X3MjG SDF.asset using Guid(3bdd028f75886ea43b38e62e5aac7519) Importer(815301076,1909f56bfc062723c751e8b465ee728b)  -> (artifact id: 'fb9f631a65f30870ca71e7fe51f3b2c2') in 0.125037 seconds 
  Import took 0.130377 seconds .

========================================================================
Received Import Request.
  Time since last request: 0.000287 seconds.
  path: Assets/Fonts/LaoutBeautyPersonalUse-X3MjG.otf
  artifactKey: Guid(7638c0b6e49048740b0dd0b9a94b8cad) Importer(815301076,1909f56bfc062723c751e8b465ee728b)
Start importing Assets/Fonts/LaoutBeautyPersonalUse-X3MjG.otf using Guid(7638c0b6e49048740b0dd0b9a94b8cad) Importer(815301076,1909f56bfc062723c751e8b465ee728b)  -> (artifact id: '4ea0f371721cd10c27aac88df5f441c5') in 0.047191 seconds 
  Import took 0.075623 seconds .

========================================================================
Received Import Request.
  Time since last request: 0.000338 seconds.
  path: Assets/Fonts/zorque.otf
  artifactKey: Guid(578089a833f973648be98738c03ab778) Importer(815301076,1909f56bfc062723c751e8b465ee728b)
Start importing Assets/Fonts/zorque.otf using Guid(578089a833f973648be98738c03ab778) Importer(815301076,1909f56bfc062723c751e8b465ee728b)  -> (artifact id: 'f2f6396e948d296b7878eafb0a616052') in 0.030862 seconds 
  Import took 0.035495 seconds .

========================================================================
Received Import Request.
  Time since last request: 0.000235 seconds.
  path: Assets/Fonts/zorque SDF.asset
  artifactKey: Guid(65a8e29317bef0e429c9ab56a67b24f3) Importer(815301076,1909f56bfc062723c751e8b465ee728b)
Start importing Assets/Fonts/zorque SDF.asset using Guid(65a8e29317bef0e429c9ab56a67b24f3) Importer(815301076,1909f56bfc062723c751e8b465ee728b)  -> (artifact id: '32d6965b98a4be03a3f89409a909ca4a') in 0.049566 seconds 
  Import took 0.055192 seconds .

========================================================================
Received Import Request.
  Time since last request: 7.703731 seconds.
  path: Assets/Scenes
  artifactKey: Guid(7ddfe07391118364eaeda1e563ad6f54) Importer(815301076,1909f56bfc062723c751e8b465ee728b)
Start importing Assets/Scenes using Guid(7ddfe07391118364eaeda1e563ad6f54) Importer(815301076,1909f56bfc062723c751e8b465ee728b)  -> (artifact id: 'afe99ece405adda7779a0b5d866e36d0') in 0.010389 seconds 
  Import took 0.014832 seconds .

========================================================================
Received Import Request.
  Time since last request: 196.196743 seconds.
  path: Assets/Addons/TextMesh Pro/Resources/Fonts & Materials/LiberationSans SDF.asset
  artifactKey: Guid(8f586378b4e144a9851e7b34d9b748ee) Importer(815301076,1909f56bfc062723c751e8b465ee728b)
Start importing Assets/Addons/TextMesh Pro/Resources/Fonts & Materials/LiberationSans SDF.asset using Guid(8f586378b4e144a9851e7b34d9b748ee) Importer(815301076,1909f56bfc062723c751e8b465ee728b)  -> (artifact id: 'f8b7c8c3e3c9a45adbdca63c88707d17') in 0.070785 seconds 
  Import took 0.078244 seconds .

========================================================================
Received Import Request.
  Time since last request: 0.000260 seconds.
  path: Assets/Addons/TextMesh Pro/Resources/Fonts & Materials/LiberationSans SDF - Fallback.asset
  artifactKey: Guid(2e498d1c8094910479dc3e1b768306a4) Importer(815301076,1909f56bfc062723c751e8b465ee728b)
Start importing Assets/Addons/TextMesh Pro/Resources/Fonts & Materials/LiberationSans SDF - Fallback.asset using Guid(2e498d1c8094910479dc3e1b768306a4) Importer(815301076,1909f56bfc062723c751e8b465ee728b)  -> (artifact id: '73c4f4f2da4d2ab57d901e0f40ae3f2f') in 0.026703 seconds 
  Import took 0.031811 seconds .

========================================================================
Received Import Request.
  Time since last request: 2006.328461 seconds.
  path: Assets/Addons/TextMesh Pro/Fonts/LiberationSans.ttf
  artifactKey: Guid(e3265ab4bf004d28a9537516768c1c75) Importer(815301076,1909f56bfc062723c751e8b465ee728b)
Start importing Assets/Addons/TextMesh Pro/Fonts/LiberationSans.ttf using Guid(e3265ab4bf004d28a9537516768c1c75) Importer(815301076,1909f56bfc062723c751e8b465ee728b)  -> (artifact id: '7c6eeea0dc6c996a61549b50f2c124ef') in 0.033459 seconds 
  Import took 0.039751 seconds .

========================================================================
Received Import Request.
  Time since last request: 0.000264 seconds.
  path: Assets/Addons/TextMesh Pro/Resources/Fonts & Materials/LiberationSans SDF - Outline.mat
  artifactKey: Guid(79459efec17a4d00a321bdcc27bbc385) Importer(815301076,1909f56bfc062723c751e8b465ee728b)
Start importing Assets/Addons/TextMesh Pro/Resources/Fonts & Materials/LiberationSans SDF - Outline.mat using Guid(79459efec17a4d00a321bdcc27bbc385) Importer(815301076,1909f56bfc062723c751e8b465ee728b)  -> (artifact id: '73bfc51c5222557aa47c55c3d1b82acd') in 0.115835 seconds 
  Import took 0.122228 seconds .

========================================================================
Received Import Request.
  Time since last request: 0.000271 seconds.
  path: Assets/Addons/TextMesh Pro/Resources/Fonts & Materials/LiberationSans SDF - Drop Shadow.mat
  artifactKey: Guid(e73a58f6e2794ae7b1b7e50b7fb811b0) Importer(815301076,1909f56bfc062723c751e8b465ee728b)
Start importing Assets/Addons/TextMesh Pro/Resources/Fonts & Materials/LiberationSans SDF - Drop Shadow.mat using Guid(e73a58f6e2794ae7b1b7e50b7fb811b0) Importer(815301076,1909f56bfc062723c751e8b465ee728b)  -> (artifact id: '482a362b8fe5ce36b302051eaf90a735') in 0.107148 seconds 
  Import took 0.112373 seconds .

========================================================================
Received Import Request.
  Time since last request: 1388.479031 seconds.
  path: Assets/Rounded Corners - Coco Code package
  artifactKey: Guid(27594d1ab81ed0e42b3b908e3e54f389) Importer(815301076,1909f56bfc062723c751e8b465ee728b)
Start importing Assets/Rounded Corners - Coco Code package using Guid(27594d1ab81ed0e42b3b908e3e54f389) Importer(815301076,1909f56bfc062723c751e8b465ee728b)  -> (artifact id: '3cdda3b779081cba6075ba35620e667f') in 0.011940 seconds 
  Import took 0.019038 seconds .

========================================================================
Received Import Request.
  Time since last request: 0.187048 seconds.
  path: Assets/Rounded Corners - Coco Code package/Rounded5px.png
  artifactKey: Guid(f8e8b23dedcbed345a3b6a7565fd589f) Importer(815301076,1909f56bfc062723c751e8b465ee728b)
Start importing Assets/Rounded Corners - Coco Code package/Rounded5px.png using Guid(f8e8b23dedcbed345a3b6a7565fd589f) Importer(815301076,1909f56bfc062723c751e8b465ee728b)  -> (artifact id: '4902753df8fd69be8b9ec7ec4cc59b31') in 0.039711 seconds 
  Import took 0.095473 seconds .

========================================================================
Received Import Request.
  Time since last request: 0.000271 seconds.
  path: Assets/Rounded Corners - Coco Code package/Rounded20px.png
  artifactKey: Guid(9b8c6816b5735964c83119f8aa8d0e10) Importer(815301076,1909f56bfc062723c751e8b465ee728b)
Start importing Assets/Rounded Corners - Coco Code package/Rounded20px.png using Guid(9b8c6816b5735964c83119f8aa8d0e10) Importer(815301076,1909f56bfc062723c751e8b465ee728b)  -> (artifact id: '48ff075dc2ebafd00b96954a913a2056') in 0.023150 seconds 
  Import took 0.027626 seconds .

========================================================================
Received Import Request.
  Time since last request: 0.000292 seconds.
  path: Assets/Rounded Corners - Coco Code package/Rounded10px@4x.png
  artifactKey: Guid(4c8b8a05cbc22154b9fd0827ee292836) Importer(815301076,1909f56bfc062723c751e8b465ee728b)
Start importing Assets/Rounded Corners - Coco Code package/Rounded10px@4x.png using Guid(4c8b8a05cbc22154b9fd0827ee292836) Importer(815301076,1909f56bfc062723c751e8b465ee728b)  -> (artifact id: 'f54a8058bf3d4e7bb14a08cdf3e0333d') in 0.030116 seconds 
  Import took 0.036650 seconds .

========================================================================
Received Import Request.
  Time since last request: 0.000440 seconds.
  path: Assets/Rounded Corners - Coco Code package/Rounded5px@4x.png
  artifactKey: Guid(31a77262f8e671f4e912633dabc4a0c8) Importer(815301076,1909f56bfc062723c751e8b465ee728b)
Start importing Assets/Rounded Corners - Coco Code package/Rounded5px@4x.png using Guid(31a77262f8e671f4e912633dabc4a0c8) Importer(815301076,1909f56bfc062723c751e8b465ee728b)  -> (artifact id: 'ecf88f4bce31ad4d8acffe072ae22698') in 0.025549 seconds 
  Import took 0.030726 seconds .

========================================================================
Received Import Request.
  Time since last request: 0.000313 seconds.
  path: Assets/Rounded Corners - Coco Code package/Rounded40px.png
  artifactKey: Guid(ecd6cbf678f80614ba0139f21a4e2e64) Importer(815301076,1909f56bfc062723c751e8b465ee728b)
Start importing Assets/Rounded Corners - Coco Code package/Rounded40px.png using Guid(ecd6cbf678f80614ba0139f21a4e2e64) Importer(815301076,1909f56bfc062723c751e8b465ee728b)  -> (artifact id: 'b57a62da6f8eb6c30cbc97fd2e46e2e0') in 0.027132 seconds 
  Import took 0.032885 seconds .

========================================================================
Received Import Request.
  Time since last request: 0.000361 seconds.
  path: Assets/Rounded Corners - Coco Code package/Rounded20px@4x.png
  artifactKey: Guid(028820a1558d4c9429352eb9eebeff91) Importer(815301076,1909f56bfc062723c751e8b465ee728b)
Start importing Assets/Rounded Corners - Coco Code package/Rounded20px@4x.png using Guid(028820a1558d4c9429352eb9eebeff91) Importer(815301076,1909f56bfc062723c751e8b465ee728b)  -> (artifact id: '83c25527c09e8f7b41db09d38bc1bb7e') in 0.026128 seconds 
  Import took 0.031460 seconds .

========================================================================
Received Import Request.
  Time since last request: 0.000341 seconds.
  path: Assets/Rounded Corners - Coco Code package/Rounded40px@4x.png
  artifactKey: Guid(2ab663172176fef409fca88d699b6337) Importer(815301076,1909f56bfc062723c751e8b465ee728b)
Start importing Assets/Rounded Corners - Coco Code package/Rounded40px@4x.png using Guid(2ab663172176fef409fca88d699b6337) Importer(815301076,1909f56bfc062723c751e8b465ee728b)  -> (artifact id: '62d7cb09cb7d7a984b8219b0bdc0bd9c') in 0.032521 seconds 
  Import took 0.038153 seconds .

========================================================================
Received Import Request.
  Time since last request: 0.000298 seconds.
  path: Assets/Rounded Corners - Coco Code package/Rounded40px@2x.png
  artifactKey: Guid(6f9da03136f5b5e429f807c9a3b2dad7) Importer(815301076,1909f56bfc062723c751e8b465ee728b)
Start importing Assets/Rounded Corners - Coco Code package/Rounded40px@2x.png using Guid(6f9da03136f5b5e429f807c9a3b2dad7) Importer(815301076,1909f56bfc062723c751e8b465ee728b)  -> (artifact id: '79293c1aeb5f4fe26322281b9b7a5833') in 0.029744 seconds 
  Import took 0.035124 seconds .

========================================================================
Received Import Request.
  Time since last request: 0.000474 seconds.
  path: Assets/Rounded Corners - Coco Code package/Rounded10px.png
  artifactKey: Guid(0951829219223284a83565e5b9a74000) Importer(815301076,1909f56bfc062723c751e8b465ee728b)
Start importing Assets/Rounded Corners - Coco Code package/Rounded10px.png using Guid(0951829219223284a83565e5b9a74000) Importer(815301076,1909f56bfc062723c751e8b465ee728b)  -> (artifact id: '8ecd2e58f7c7497287d2939fe53dc522') in 0.029715 seconds 
  Import took 0.034441 seconds .

========================================================================
Received Import Request.
  Time since last request: 0.000280 seconds.
  path: Assets/Rounded Corners - Coco Code package/Rounded10px@2x.png
  artifactKey: Guid(00dd9c7294ff9a44fb268938b9e0d658) Importer(815301076,1909f56bfc062723c751e8b465ee728b)
Start importing Assets/Rounded Corners - Coco Code package/Rounded10px@2x.png using Guid(00dd9c7294ff9a44fb268938b9e0d658) Importer(815301076,1909f56bfc062723c751e8b465ee728b)  -> (artifact id: '534f5f7d2661e52c368ba2e00fffaafb') in 0.020491 seconds 
  Import took 0.024975 seconds .

========================================================================
Received Import Request.
  Time since last request: 0.000308 seconds.
  path: Assets/Rounded Corners - Coco Code package/Rounded5px@2x.png
  artifactKey: Guid(c95f1f7cf9389ef46963a1ef0363d814) Importer(815301076,1909f56bfc062723c751e8b465ee728b)
Start importing Assets/Rounded Corners - Coco Code package/Rounded5px@2x.png using Guid(c95f1f7cf9389ef46963a1ef0363d814) Importer(815301076,1909f56bfc062723c751e8b465ee728b)  -> (artifact id: 'd5f2aba5cff92715c0f744178580f0cf') in 0.026051 seconds 
  Import took 0.031421 seconds .

========================================================================
Received Import Request.
  Time since last request: 0.000312 seconds.
  path: Assets/Rounded Corners - Coco Code package/Rounded20px@2x.png
  artifactKey: Guid(df3971c533ead534bbe768119f8c7864) Importer(815301076,1909f56bfc062723c751e8b465ee728b)
Start importing Assets/Rounded Corners - Coco Code package/Rounded20px@2x.png using Guid(df3971c533ead534bbe768119f8c7864) Importer(815301076,1909f56bfc062723c751e8b465ee728b)  -> (artifact id: 'c46a558e033970949e796e47060d22f5') in 0.023852 seconds 
  Import took 0.028492 seconds .

========================================================================
Received Import Request.
  Time since last request: 1200.489782 seconds.
  path: Assets/New Render Texture.renderTexture
  artifactKey: Guid(0ed6dc1254aa9c442a8773cd95491cb1) Importer(815301076,1909f56bfc062723c751e8b465ee728b)
Start importing Assets/New Render Texture.renderTexture using Guid(0ed6dc1254aa9c442a8773cd95491cb1) Importer(815301076,1909f56bfc062723c751e8b465ee728b)  -> (artifact id: '5da7e92472c6528cbeb58a5fcb760aa0') in 0.067605 seconds 
  Import took 0.073418 seconds .

========================================================================
Received Import Request.
  Time since last request: 115.533180 seconds.
  path: Assets/Scripts
  artifactKey: Guid(80aef16665b8dd64e9ce8ad6f8891d5b) Importer(815301076,1909f56bfc062723c751e8b465ee728b)
Start importing Assets/Scripts using Guid(80aef16665b8dd64e9ce8ad6f8891d5b) Importer(815301076,1909f56bfc062723c751e8b465ee728b)  -> (artifact id: '9bb4ea11f6dd5c5b9e41cc300ad736d2') in 0.013401 seconds 
  Import took 0.018116 seconds .

========================================================================
Received Import Request.
  Time since last request: 14.844084 seconds.
  path: Assets/Scripts/Vidloader.cs
  artifactKey: Guid(ab975eaf708bb7a4ca2a0456cb474916) Importer(815301076,1909f56bfc062723c751e8b465ee728b)
Start importing Assets/Scripts/Vidloader.cs using Guid(ab975eaf708bb7a4ca2a0456cb474916) Importer(815301076,1909f56bfc062723c751e8b465ee728b)  -> (artifact id: '3244b971c3437918c50325930aac452c') in 0.013765 seconds 
  Import took 0.019948 seconds .

========================================================================
Received Prepare
Registering precompiled user dll's ...
Registered in 0.015423 seconds.
Begin MonoManager ReloadAssembly
Native extension for WindowsStandalone target not found
Native extension for WebGL target not found
Refreshing native plugins compatible for Editor in 0.91 ms, found 3 plugins.
Preloading 0 native plugins for Editor in 0.00 ms.
Mono: successfully reloaded assembly
- Completed reload, in  2.719 seconds
Domain Reload Profiling:
	ReloadAssembly (2734ms)
		BeginReloadAssembly (843ms)
			ExecutionOrderSort (1ms)
			DisableScriptedObjects (188ms)
			BackupInstance (0ms)
			ReleaseScriptingObjects (0ms)
			CreateAndSetChildDomain (414ms)
		EndReloadAssembly (1738ms)
			LoadAssemblies (316ms)
			RebuildTransferFunctionScriptingTraits (1ms)
			SetupTypeCache (547ms)
			ReleaseScriptCaches (2ms)
			RebuildScriptCaches (93ms)
			SetupLoadedEditorAssemblies (541ms)
				LogAssemblyErrors (0ms)
				InitializePlatformSupportModulesInManaged (13ms)
				SetLoadedEditorAssemblies (1ms)
				RefreshPlugins (1ms)
				BeforeProcessingInitializeOnLoad (157ms)
				ProcessInitializeOnLoadAttributes (336ms)
				ProcessInitializeOnLoadMethodAttributes (21ms)
				AfterProcessingInitializeOnLoad (11ms)
				EditorAssembliesLoaded (1ms)
			ExecutionOrderSort2 (0ms)
			AwakeInstancesAfterBackupRestoration (17ms)
Platform modules already initialized, skipping
Switching build target platform(19) subTarget(0) extendedPlatform(0) -> platform(13) subTarget(537395200) extendedPlatform(0)
Refreshing native plugins compatible for Editor in 0.95 ms, found 3 plugins.
Preloading 0 native plugins for Editor in 0.00 ms.
Unloading 2176 Unused Serialized files (Serialized files now loaded: 0)
System memory in use before: 99.1 MB.
System memory in use after: 99.2 MB.

Unloading 17 unused Assets to reduce memory usage. Loaded Objects now: 2692.
Total: 9.539100 ms (FindLiveObjects: 0.421700 ms CreateObjectMapping: 0.144700 ms MarkObjects: 8.924900 ms  DeleteObjects: 0.045700 ms)

AssetImportParameters requested are different than current active one (requested -> active):
  custom:framework-win-MediaFoundation: 216162199b28c13a410421893ffa2e32 -> 
  custom:video-decoder-ogg-theora: a1e56fd34408186e4bbccfd4996cb3dc -> 
  custom:container-muxer-webm: aa71ff27fc2769a1b78a27578f13a17b -> 
  custom:container-demuxer-webm: 4f35f7cbe854078d1ac9338744f61a02 -> 
  custom:container-demuxer-ogg: 62fdf1f143b41e24485cea50d1cbac27 -> 
  custom:video-encoder-webm-vp8: eb34c28f22e8b96e1ab97ce403110664 -> 
  custom:video-decoder-webm-vp8: 9c59270c3fd7afecdb556c50c9e8de78 -> 
  custom:graphics/normal-map-encoding: 01000000000000000000000000000000 -> 02000000000000000000000000000000
  custom:audio-decoder-ogg-vorbis: bf7c407c2cedff20999df2af8eb42d56 -> 
  custom:audio-encoder-webm-vorbis: bf7c407c2cedff20999df2af8eb42d56 -> 
========================================================================
Received Prepare
Registering precompiled user dll's ...
Registered in 0.116774 seconds.
Begin MonoManager ReloadAssembly
Native extension for WindowsStandalone target not found
Native extension for WebGL target not found
Refreshing native plugins compatible for Editor in 1.33 ms, found 3 plugins.
Preloading 0 native plugins for Editor in 0.00 ms.
Mono: successfully reloaded assembly
- Completed reload, in  4.478 seconds
Domain Reload Profiling:
	ReloadAssembly (4492ms)
		BeginReloadAssembly (535ms)
			ExecutionOrderSort (0ms)
			DisableScriptedObjects (78ms)
			BackupInstance (0ms)
			ReleaseScriptingObjects (0ms)
			CreateAndSetChildDomain (219ms)
		EndReloadAssembly (3778ms)
			LoadAssemblies (366ms)
			RebuildTransferFunctionScriptingTraits (0ms)
			SetupTypeCache (1474ms)
			ReleaseScriptCaches (2ms)
			RebuildScriptCaches (105ms)
			SetupLoadedEditorAssemblies (1271ms)
				LogAssemblyErrors (0ms)
				InitializePlatformSupportModulesInManaged (22ms)
				SetLoadedEditorAssemblies (1ms)
				RefreshPlugins (1ms)
				BeforeProcessingInitializeOnLoad (236ms)
				ProcessInitializeOnLoadAttributes (914ms)
				ProcessInitializeOnLoadMethodAttributes (56ms)
				AfterProcessingInitializeOnLoad (39ms)
				EditorAssembliesLoaded (0ms)
			ExecutionOrderSort2 (0ms)
			AwakeInstancesAfterBackupRestoration (30ms)
Platform modules already initialized, skipping
Switching build target platform(19) subTarget(0) extendedPlatform(0) -> platform(13) subTarget(537395200) extendedPlatform(0)
Refreshing native plugins compatible for Editor in 1.21 ms, found 3 plugins.
Preloading 0 native plugins for Editor in 0.00 ms.
Unloading 2176 Unused Serialized files (Serialized files now loaded: 0)
System memory in use before: 99.1 MB.
System memory in use after: 99.2 MB.

Unloading 17 unused Assets to reduce memory usage. Loaded Objects now: 2694.
Total: 8.897000 ms (FindLiveObjects: 0.951900 ms CreateObjectMapping: 0.206400 ms MarkObjects: 7.582800 ms  DeleteObjects: 0.152700 ms)

AssetImportParameters requested are different than current active one (requested -> active):
  custom:framework-win-MediaFoundation: 216162199b28c13a410421893ffa2e32 -> 
  custom:video-decoder-ogg-theora: a1e56fd34408186e4bbccfd4996cb3dc -> 
  custom:container-muxer-webm: aa71ff27fc2769a1b78a27578f13a17b -> 
  custom:container-demuxer-webm: 4f35f7cbe854078d1ac9338744f61a02 -> 
  custom:container-demuxer-ogg: 62fdf1f143b41e24485cea50d1cbac27 -> 
  custom:video-encoder-webm-vp8: eb34c28f22e8b96e1ab97ce403110664 -> 
  custom:video-decoder-webm-vp8: 9c59270c3fd7afecdb556c50c9e8de78 -> 
  custom:graphics/normal-map-encoding: 01000000000000000000000000000000 -> 02000000000000000000000000000000
  custom:audio-decoder-ogg-vorbis: bf7c407c2cedff20999df2af8eb42d56 -> 
  custom:audio-encoder-webm-vorbis: bf7c407c2cedff20999df2af8eb42d56 -> 
========================================================================
Received Import Request.
  Time since last request: 88.034552 seconds.
  path: Assets/Scripts/Vidloader.cs
  artifactKey: Guid(ab975eaf708bb7a4ca2a0456cb474916) Importer(815301076,1909f56bfc062723c751e8b465ee728b)
Start importing Assets/Scripts/Vidloader.cs using Guid(ab975eaf708bb7a4ca2a0456cb474916) Importer(815301076,1909f56bfc062723c751e8b465ee728b)  -> (artifact id: 'fff7e34d6f6a99b048751f5c8dfa83c1') in 0.021828 seconds 
  Import took 0.030798 seconds .

========================================================================
Received Prepare
Registering precompiled user dll's ...
Registered in 0.013808 seconds.
Begin MonoManager ReloadAssembly
Native extension for WindowsStandalone target not found
Native extension for WebGL target not found
Refreshing native plugins compatible for Editor in 0.82 ms, found 3 plugins.
Preloading 0 native plugins for Editor in 0.00 ms.
Mono: successfully reloaded assembly
- Completed reload, in  1.634 seconds
Domain Reload Profiling:
	ReloadAssembly (1634ms)
		BeginReloadAssembly (192ms)
			ExecutionOrderSort (0ms)
			DisableScriptedObjects (13ms)
			BackupInstance (0ms)
			ReleaseScriptingObjects (0ms)
			CreateAndSetChildDomain (52ms)
		EndReloadAssembly (1344ms)
			LoadAssemblies (159ms)
			RebuildTransferFunctionScriptingTraits (0ms)
			SetupTypeCache (457ms)
			ReleaseScriptCaches (1ms)
			RebuildScriptCaches (72ms)
			SetupLoadedEditorAssemblies (462ms)
				LogAssemblyErrors (0ms)
				InitializePlatformSupportModulesInManaged (11ms)
				SetLoadedEditorAssemblies (1ms)
				RefreshPlugins (1ms)
				BeforeProcessingInitializeOnLoad (127ms)
				ProcessInitializeOnLoadAttributes (296ms)
				ProcessInitializeOnLoadMethodAttributes (17ms)
				AfterProcessingInitializeOnLoad (9ms)
				EditorAssembliesLoaded (0ms)
			ExecutionOrderSort2 (0ms)
			AwakeInstancesAfterBackupRestoration (12ms)
Platform modules already initialized, skipping
Switching build target platform(19) subTarget(0) extendedPlatform(0) -> platform(13) subTarget(537395200) extendedPlatform(0)
Refreshing native plugins compatible for Editor in 1.27 ms, found 3 plugins.
Preloading 0 native plugins for Editor in 0.00 ms.
Unloading 2176 Unused Serialized files (Serialized files now loaded: 0)
System memory in use before: 99.1 MB.
System memory in use after: 99.3 MB.

Unloading 17 unused Assets to reduce memory usage. Loaded Objects now: 2696.
Total: 5.601300 ms (FindLiveObjects: 0.311200 ms CreateObjectMapping: 0.076100 ms MarkObjects: 5.181000 ms  DeleteObjects: 0.030600 ms)

AssetImportParameters requested are different than current active one (requested -> active):
  custom:framework-win-MediaFoundation: 216162199b28c13a410421893ffa2e32 -> 
  custom:video-decoder-ogg-theora: a1e56fd34408186e4bbccfd4996cb3dc -> 
  custom:container-muxer-webm: aa71ff27fc2769a1b78a27578f13a17b -> 
  custom:container-demuxer-webm: 4f35f7cbe854078d1ac9338744f61a02 -> 
  custom:container-demuxer-ogg: 62fdf1f143b41e24485cea50d1cbac27 -> 
  custom:video-encoder-webm-vp8: eb34c28f22e8b96e1ab97ce403110664 -> 
  custom:video-decoder-webm-vp8: 9c59270c3fd7afecdb556c50c9e8de78 -> 
  custom:graphics/normal-map-encoding: 01000000000000000000000000000000 -> 02000000000000000000000000000000
  custom:audio-decoder-ogg-vorbis: bf7c407c2cedff20999df2af8eb42d56 -> 
  custom:audio-encoder-webm-vorbis: bf7c407c2cedff20999df2af8eb42d56 -> 
========================================================================
Received Prepare
Registering precompiled user dll's ...
Registered in 0.013266 seconds.
Begin MonoManager ReloadAssembly
Native extension for WindowsStandalone target not found
Native extension for WebGL target not found
Refreshing native plugins compatible for Editor in 0.80 ms, found 3 plugins.
Preloading 0 native plugins for Editor in 0.00 ms.
Mono: successfully reloaded assembly
- Completed reload, in  1.601 seconds
Domain Reload Profiling:
	ReloadAssembly (1602ms)
		BeginReloadAssembly (175ms)
			ExecutionOrderSort (0ms)
			DisableScriptedObjects (11ms)
			BackupInstance (0ms)
			ReleaseScriptingObjects (0ms)
			CreateAndSetChildDomain (51ms)
		EndReloadAssembly (1319ms)
			LoadAssemblies (143ms)
			RebuildTransferFunctionScriptingTraits (0ms)
			SetupTypeCache (426ms)
			ReleaseScriptCaches (2ms)
			RebuildScriptCaches (66ms)
			SetupLoadedEditorAssemblies (471ms)
				LogAssemblyErrors (0ms)
				InitializePlatformSupportModulesInManaged (9ms)
				SetLoadedEditorAssemblies (1ms)
				RefreshPlugins (1ms)
				BeforeProcessingInitializeOnLoad (127ms)
				ProcessInitializeOnLoadAttributes (304ms)
				ProcessInitializeOnLoadMethodAttributes (17ms)
				AfterProcessingInitializeOnLoad (12ms)
				EditorAssembliesLoaded (0ms)
			ExecutionOrderSort2 (0ms)
			AwakeInstancesAfterBackupRestoration (15ms)
Platform modules already initialized, skipping
Switching build target platform(19) subTarget(0) extendedPlatform(0) -> platform(13) subTarget(537395200) extendedPlatform(0)
Refreshing native plugins compatible for Editor in 0.65 ms, found 3 plugins.
Preloading 0 native plugins for Editor in 0.00 ms.
Unloading 2176 Unused Serialized files (Serialized files now loaded: 0)
System memory in use before: 99.2 MB.
System memory in use after: 99.3 MB.

Unloading 17 unused Assets to reduce memory usage. Loaded Objects now: 2698.
Total: 4.100000 ms (FindLiveObjects: 0.304400 ms CreateObjectMapping: 0.059600 ms MarkObjects: 3.708300 ms  DeleteObjects: 0.025600 ms)

AssetImportParameters requested are different than current active one (requested -> active):
  custom:framework-win-MediaFoundation: 216162199b28c13a410421893ffa2e32 -> 
  custom:video-decoder-ogg-theora: a1e56fd34408186e4bbccfd4996cb3dc -> 
  custom:container-muxer-webm: aa71ff27fc2769a1b78a27578f13a17b -> 
  custom:container-demuxer-webm: 4f35f7cbe854078d1ac9338744f61a02 -> 
  custom:container-demuxer-ogg: 62fdf1f143b41e24485cea50d1cbac27 -> 
  custom:video-encoder-webm-vp8: eb34c28f22e8b96e1ab97ce403110664 -> 
  custom:video-decoder-webm-vp8: 9c59270c3fd7afecdb556c50c9e8de78 -> 
  custom:graphics/normal-map-encoding: 01000000000000000000000000000000 -> 02000000000000000000000000000000
  custom:audio-decoder-ogg-vorbis: bf7c407c2cedff20999df2af8eb42d56 -> 
  custom:audio-encoder-webm-vorbis: bf7c407c2cedff20999df2af8eb42d56 -> 
========================================================================
Received Prepare
Registering precompiled user dll's ...
Registered in 0.023241 seconds.
Begin MonoManager ReloadAssembly
Native extension for WindowsStandalone target not found
Native extension for WebGL target not found
Refreshing native plugins compatible for Editor in 0.72 ms, found 3 plugins.
Preloading 0 native plugins for Editor in 0.00 ms.
Mono: successfully reloaded assembly
- Completed reload, in  1.676 seconds
Domain Reload Profiling:
	ReloadAssembly (1677ms)
		BeginReloadAssembly (173ms)
			ExecutionOrderSort (0ms)
			DisableScriptedObjects (9ms)
			BackupInstance (0ms)
			ReleaseScriptingObjects (0ms)
			CreateAndSetChildDomain (56ms)
		EndReloadAssembly (1406ms)
			LoadAssemblies (207ms)
			RebuildTransferFunctionScriptingTraits (0ms)
			SetupTypeCache (452ms)
			ReleaseScriptCaches (2ms)
			RebuildScriptCaches (62ms)
			SetupLoadedEditorAssemblies (473ms)
				LogAssemblyErrors (0ms)
				InitializePlatformSupportModulesInManaged (11ms)
				SetLoadedEditorAssemblies (1ms)
				RefreshPlugins (1ms)
				BeforeProcessingInitializeOnLoad (127ms)
				ProcessInitializeOnLoadAttributes (295ms)
				ProcessInitializeOnLoadMethodAttributes (24ms)
				AfterProcessingInitializeOnLoad (14ms)
				EditorAssembliesLoaded (0ms)
			ExecutionOrderSort2 (0ms)
			AwakeInstancesAfterBackupRestoration (18ms)
Platform modules already initialized, skipping
Switching build target platform(19) subTarget(0) extendedPlatform(0) -> platform(13) subTarget(537395200) extendedPlatform(0)
Refreshing native plugins compatible for Editor in 0.78 ms, found 3 plugins.
Preloading 0 native plugins for Editor in 0.00 ms.
Unloading 2176 Unused Serialized files (Serialized files now loaded: 0)
System memory in use before: 99.2 MB.
System memory in use after: 99.3 MB.

Unloading 17 unused Assets to reduce memory usage. Loaded Objects now: 2700.
Total: 6.860500 ms (FindLiveObjects: 0.297700 ms CreateObjectMapping: 0.072300 ms MarkObjects: 6.443300 ms  DeleteObjects: 0.044900 ms)

AssetImportParameters requested are different than current active one (requested -> active):
  custom:framework-win-MediaFoundation: 216162199b28c13a410421893ffa2e32 -> 
  custom:video-decoder-ogg-theora: a1e56fd34408186e4bbccfd4996cb3dc -> 
  custom:container-muxer-webm: aa71ff27fc2769a1b78a27578f13a17b -> 
  custom:container-demuxer-webm: 4f35f7cbe854078d1ac9338744f61a02 -> 
  custom:container-demuxer-ogg: 62fdf1f143b41e24485cea50d1cbac27 -> 
  custom:video-encoder-webm-vp8: eb34c28f22e8b96e1ab97ce403110664 -> 
  custom:video-decoder-webm-vp8: 9c59270c3fd7afecdb556c50c9e8de78 -> 
  custom:graphics/normal-map-encoding: 01000000000000000000000000000000 -> 02000000000000000000000000000000
  custom:audio-decoder-ogg-vorbis: bf7c407c2cedff20999df2af8eb42d56 -> 
  custom:audio-encoder-webm-vorbis: bf7c407c2cedff20999df2af8eb42d56 -> 
========================================================================
Received Prepare
Registering precompiled user dll's ...
Registered in 0.004220 seconds.
Begin MonoManager ReloadAssembly
Native extension for WindowsStandalone target not found
Native extension for WebGL target not found
Refreshing native plugins compatible for Editor in 0.99 ms, found 3 plugins.
Preloading 0 native plugins for Editor in 0.00 ms.
Mono: successfully reloaded assembly
- Completed reload, in  1.678 seconds
Domain Reload Profiling:
	ReloadAssembly (1679ms)
		BeginReloadAssembly (193ms)
			ExecutionOrderSort (0ms)
			DisableScriptedObjects (11ms)
			BackupInstance (0ms)
			ReleaseScriptingObjects (0ms)
			CreateAndSetChildDomain (52ms)
		EndReloadAssembly (1387ms)
			LoadAssemblies (164ms)
			RebuildTransferFunctionScriptingTraits (0ms)
			SetupTypeCache (481ms)
			ReleaseScriptCaches (1ms)
			RebuildScriptCaches (69ms)
			SetupLoadedEditorAssemblies (444ms)
				LogAssemblyErrors (0ms)
				InitializePlatformSupportModulesInManaged (12ms)
				SetLoadedEditorAssemblies (1ms)
				RefreshPlugins (1ms)
				BeforeProcessingInitializeOnLoad (124ms)
				ProcessInitializeOnLoadAttributes (280ms)
				ProcessInitializeOnLoadMethodAttributes (16ms)
				AfterProcessingInitializeOnLoad (10ms)
				EditorAssembliesLoaded (0ms)
			ExecutionOrderSort2 (0ms)
			AwakeInstancesAfterBackupRestoration (13ms)
Platform modules already initialized, skipping
Switching build target platform(19) subTarget(0) extendedPlatform(0) -> platform(13) subTarget(537395200) extendedPlatform(0)
Refreshing native plugins compatible for Editor in 1.19 ms, found 3 plugins.
Preloading 0 native plugins for Editor in 0.00 ms.
Unloading 2176 Unused Serialized files (Serialized files now loaded: 0)
System memory in use before: 99.2 MB.
System memory in use after: 99.3 MB.

Unloading 17 unused Assets to reduce memory usage. Loaded Objects now: 2702.
Total: 5.626700 ms (FindLiveObjects: 0.298000 ms CreateObjectMapping: 0.086100 ms MarkObjects: 5.204300 ms  DeleteObjects: 0.036100 ms)

AssetImportParameters requested are different than current active one (requested -> active):
  custom:framework-win-MediaFoundation: 216162199b28c13a410421893ffa2e32 -> 
  custom:video-decoder-ogg-theora: a1e56fd34408186e4bbccfd4996cb3dc -> 
  custom:container-muxer-webm: aa71ff27fc2769a1b78a27578f13a17b -> 
  custom:container-demuxer-webm: 4f35f7cbe854078d1ac9338744f61a02 -> 
  custom:container-demuxer-ogg: 62fdf1f143b41e24485cea50d1cbac27 -> 
  custom:video-encoder-webm-vp8: eb34c28f22e8b96e1ab97ce403110664 -> 
  custom:video-decoder-webm-vp8: 9c59270c3fd7afecdb556c50c9e8de78 -> 
  custom:graphics/normal-map-encoding: 01000000000000000000000000000000 -> 02000000000000000000000000000000
  custom:audio-decoder-ogg-vorbis: bf7c407c2cedff20999df2af8eb42d56 -> 
  custom:audio-encoder-webm-vorbis: bf7c407c2cedff20999df2af8eb42d56 -> 
========================================================================
Received Import Request.
  Time since last request: 751.740983 seconds.
  path: Assets/New Render Texture.renderTexture
  artifactKey: Guid(0ed6dc1254aa9c442a8773cd95491cb1) Importer(815301076,1909f56bfc062723c751e8b465ee728b)
Start importing Assets/New Render Texture.renderTexture using Guid(0ed6dc1254aa9c442a8773cd95491cb1) Importer(815301076,1909f56bfc062723c751e8b465ee728b)  -> (artifact id: '41f1cc8827eadba0e3f8ea4c1d8d2c3a') in 0.096949 seconds 
  Import took 0.104320 seconds .

========================================================================
Received Prepare
Registering precompiled user dll's ...
Registered in 0.004107 seconds.
Begin MonoManager ReloadAssembly
Native extension for WindowsStandalone target not found
Native extension for WebGL target not found
Refreshing native plugins compatible for Editor in 0.65 ms, found 3 plugins.
Preloading 0 native plugins for Editor in 0.00 ms.
Mono: successfully reloaded assembly
- Completed reload, in  1.595 seconds
Domain Reload Profiling:
	ReloadAssembly (1596ms)
		BeginReloadAssembly (173ms)
			ExecutionOrderSort (0ms)
			DisableScriptedObjects (8ms)
			BackupInstance (0ms)
			ReleaseScriptingObjects (0ms)
			CreateAndSetChildDomain (53ms)
		EndReloadAssembly (1331ms)
			LoadAssemblies (150ms)
			RebuildTransferFunctionScriptingTraits (0ms)
			SetupTypeCache (459ms)
			ReleaseScriptCaches (1ms)
			RebuildScriptCaches (64ms)
			SetupLoadedEditorAssemblies (444ms)
				LogAssemblyErrors (0ms)
				InitializePlatformSupportModulesInManaged (8ms)
				SetLoadedEditorAssemblies (1ms)
				RefreshPlugins (1ms)
				BeforeProcessingInitializeOnLoad (118ms)
				ProcessInitializeOnLoadAttributes (289ms)
				ProcessInitializeOnLoadMethodAttributes (17ms)
				AfterProcessingInitializeOnLoad (10ms)
				EditorAssembliesLoaded (0ms)
			ExecutionOrderSort2 (0ms)
			AwakeInstancesAfterBackupRestoration (13ms)
Platform modules already initialized, skipping
Switching build target platform(19) subTarget(0) extendedPlatform(0) -> platform(13) subTarget(537395200) extendedPlatform(0)
Refreshing native plugins compatible for Editor in 0.66 ms, found 3 plugins.
Preloading 0 native plugins for Editor in 0.00 ms.
Unloading 2176 Unused Serialized files (Serialized files now loaded: 0)
System memory in use before: 99.2 MB.
System memory in use after: 99.3 MB.

Unloading 17 unused Assets to reduce memory usage. Loaded Objects now: 2705.
Total: 5.096600 ms (FindLiveObjects: 0.319900 ms CreateObjectMapping: 0.080500 ms MarkObjects: 4.663900 ms  DeleteObjects: 0.030400 ms)

AssetImportParameters requested are different than current active one (requested -> active):
  custom:framework-win-MediaFoundation: 216162199b28c13a410421893ffa2e32 -> 
  custom:video-decoder-ogg-theora: a1e56fd34408186e4bbccfd4996cb3dc -> 
  custom:container-muxer-webm: aa71ff27fc2769a1b78a27578f13a17b -> 
  custom:container-demuxer-webm: 4f35f7cbe854078d1ac9338744f61a02 -> 
  custom:container-demuxer-ogg: 62fdf1f143b41e24485cea50d1cbac27 -> 
  custom:video-encoder-webm-vp8: eb34c28f22e8b96e1ab97ce403110664 -> 
  custom:video-decoder-webm-vp8: 9c59270c3fd7afecdb556c50c9e8de78 -> 
  custom:graphics/normal-map-encoding: 01000000000000000000000000000000 -> 02000000000000000000000000000000
  custom:audio-decoder-ogg-vorbis: bf7c407c2cedff20999df2af8eb42d56 -> 
  custom:audio-encoder-webm-vorbis: bf7c407c2cedff20999df2af8eb42d56 -> 
========================================================================
Received Prepare
Registering precompiled user dll's ...
Registered in 0.013460 seconds.
Begin MonoManager ReloadAssembly
Native extension for WindowsStandalone target not found
Native extension for WebGL target not found
Refreshing native plugins compatible for Editor in 0.69 ms, found 3 plugins.
Preloading 0 native plugins for Editor in 0.00 ms.
Mono: successfully reloaded assembly
- Completed reload, in  1.885 seconds
Domain Reload Profiling:
	ReloadAssembly (1886ms)
		BeginReloadAssembly (189ms)
			ExecutionOrderSort (0ms)
			DisableScriptedObjects (12ms)
			BackupInstance (0ms)
			ReleaseScriptingObjects (0ms)
			CreateAndSetChildDomain (60ms)
		EndReloadAssembly (1576ms)
			LoadAssemblies (174ms)
			RebuildTransferFunctionScriptingTraits (0ms)
			SetupTypeCache (507ms)
			ReleaseScriptCaches (2ms)
			RebuildScriptCaches (83ms)
			SetupLoadedEditorAssemblies (525ms)
				LogAssemblyErrors (0ms)
				InitializePlatformSupportModulesInManaged (10ms)
				SetLoadedEditorAssemblies (1ms)
				RefreshPlugins (1ms)
				BeforeProcessingInitializeOnLoad (142ms)
				ProcessInitializeOnLoadAttributes (338ms)
				ProcessInitializeOnLoadMethodAttributes (20ms)
				AfterProcessingInitializeOnLoad (12ms)
				EditorAssembliesLoaded (0ms)
			ExecutionOrderSort2 (0ms)
			AwakeInstancesAfterBackupRestoration (14ms)
Platform modules already initialized, skipping
Switching build target platform(19) subTarget(0) extendedPlatform(0) -> platform(13) subTarget(537395200) extendedPlatform(0)
Refreshing native plugins compatible for Editor in 0.67 ms, found 3 plugins.
Preloading 0 native plugins for Editor in 0.00 ms.
Unloading 2176 Unused Serialized files (Serialized files now loaded: 0)
System memory in use before: 99.2 MB.
System memory in use after: 99.3 MB.

Unloading 17 unused Assets to reduce memory usage. Loaded Objects now: 2707.
Total: 7.764000 ms (FindLiveObjects: 0.367700 ms CreateObjectMapping: 0.149900 ms MarkObjects: 7.199200 ms  DeleteObjects: 0.044900 ms)

AssetImportParameters requested are different than current active one (requested -> active):
  custom:framework-win-MediaFoundation: 216162199b28c13a410421893ffa2e32 -> 
  custom:video-decoder-ogg-theora: a1e56fd34408186e4bbccfd4996cb3dc -> 
  custom:container-muxer-webm: aa71ff27fc2769a1b78a27578f13a17b -> 
  custom:container-demuxer-webm: 4f35f7cbe854078d1ac9338744f61a02 -> 
  custom:container-demuxer-ogg: 62fdf1f143b41e24485cea50d1cbac27 -> 
  custom:video-encoder-webm-vp8: eb34c28f22e8b96e1ab97ce403110664 -> 
  custom:video-decoder-webm-vp8: 9c59270c3fd7afecdb556c50c9e8de78 -> 
  custom:graphics/normal-map-encoding: 01000000000000000000000000000000 -> 02000000000000000000000000000000
  custom:audio-decoder-ogg-vorbis: bf7c407c2cedff20999df2af8eb42d56 -> 
  custom:audio-encoder-webm-vorbis: bf7c407c2cedff20999df2af8eb42d56 -> 
========================================================================
Received Prepare
Registering precompiled user dll's ...
Registered in 0.004805 seconds.
Begin MonoManager ReloadAssembly
Native extension for WindowsStandalone target not found
Native extension for WebGL target not found
Refreshing native plugins compatible for Editor in 0.67 ms, found 3 plugins.
Preloading 0 native plugins for Editor in 0.00 ms.
Mono: successfully reloaded assembly
- Completed reload, in  1.963 seconds
Domain Reload Profiling:
	ReloadAssembly (1963ms)
		BeginReloadAssembly (205ms)
			ExecutionOrderSort (0ms)
			DisableScriptedObjects (11ms)
			BackupInstance (0ms)
			ReleaseScriptingObjects (0ms)
			CreateAndSetChildDomain (64ms)
		EndReloadAssembly (1632ms)
			LoadAssemblies (169ms)
			RebuildTransferFunctionScriptingTraits (0ms)
			SetupTypeCache (563ms)
			ReleaseScriptCaches (2ms)
			RebuildScriptCaches (80ms)
			SetupLoadedEditorAssemblies (524ms)
				LogAssemblyErrors (0ms)
				InitializePlatformSupportModulesInManaged (9ms)
				SetLoadedEditorAssemblies (1ms)
				RefreshPlugins (1ms)
				BeforeProcessingInitializeOnLoad (138ms)
				ProcessInitializeOnLoadAttributes (341ms)
				ProcessInitializeOnLoadMethodAttributes (21ms)
				AfterProcessingInitializeOnLoad (12ms)
				EditorAssembliesLoaded (0ms)
			ExecutionOrderSort2 (0ms)
			AwakeInstancesAfterBackupRestoration (23ms)
Platform modules already initialized, skipping
Switching build target platform(19) subTarget(0) extendedPlatform(0) -> platform(13) subTarget(537395200) extendedPlatform(0)
Refreshing native plugins compatible for Editor in 0.84 ms, found 3 plugins.
Preloading 0 native plugins for Editor in 0.00 ms.
Unloading 2176 Unused Serialized files (Serialized files now loaded: 0)
System memory in use before: 99.3 MB.
System memory in use after: 99.4 MB.

Unloading 17 unused Assets to reduce memory usage. Loaded Objects now: 2709.
Total: 7.603200 ms (FindLiveObjects: 0.493100 ms CreateObjectMapping: 0.214800 ms MarkObjects: 6.830000 ms  DeleteObjects: 0.060700 ms)

AssetImportParameters requested are different than current active one (requested -> active):
  custom:framework-win-MediaFoundation: 216162199b28c13a410421893ffa2e32 -> 
  custom:video-decoder-ogg-theora: a1e56fd34408186e4bbccfd4996cb3dc -> 
  custom:container-muxer-webm: aa71ff27fc2769a1b78a27578f13a17b -> 
  custom:container-demuxer-webm: 4f35f7cbe854078d1ac9338744f61a02 -> 
  custom:container-demuxer-ogg: 62fdf1f143b41e24485cea50d1cbac27 -> 
  custom:video-encoder-webm-vp8: eb34c28f22e8b96e1ab97ce403110664 -> 
  custom:video-decoder-webm-vp8: 9c59270c3fd7afecdb556c50c9e8de78 -> 
  custom:graphics/normal-map-encoding: 01000000000000000000000000000000 -> 02000000000000000000000000000000
  custom:audio-decoder-ogg-vorbis: bf7c407c2cedff20999df2af8eb42d56 -> 
  custom:audio-encoder-webm-vorbis: bf7c407c2cedff20999df2af8eb42d56 -> 
AssetImportWorkerClient::OnTransportError - code=2 error=End of file
